<?xml version="1.0" encoding="UTF-8"?>
<!-- Generated by org.testng.reporters.JUnitReportReporter -->
<testsuite hostname="DESKTOP-SBTNFQP" failures="0" tests="1" name="runner.Runner" time="62.505" errors="0" timestamp="2023-12-14T19:49:32 IST" skipped="0">
  <testcase classname="runner.Runner" name="runScenario" time="62.505"/>
  <system-out/>
</testsuite> <!-- runner.Runner -->
