<?xml version="1.0" encoding="UTF-8"?>
<!-- Generated by org.testng.reporters.JUnitReportReporter -->
<testsuite hostname="DESKTOP-SBTNFQP" failures="0" tests="1" name="runner.RunnerFailed" time="58.049" errors="0" timestamp="2023-12-14T19:47:30 IST" skipped="0">
  <testcase classname="runner.RunnerFailed" name="runScenario" time="58.049"/>
  <system-out/>
</testsuite> <!-- runner.RunnerFailed -->
